[18:08:22] [main/INFO] [GradleStart]: No arguments specified, assuming client.
[18:08:22] [main/INFO] [GradleStart]: Extra: []
[18:08:49] [main/INFO] [GradleStart]: No arguments specified, assuming client.
[18:08:49] [main/INFO] [GradleStart]: Extra: []
[18:13:00] [main/INFO] [GradleStart]: No arguments specified, assuming client.
[18:13:00] [main/INFO] [GradleStart]: Extra: []
[18:14:36] [main/INFO] [GradleStart]: No arguments specified, assuming client.
[18:14:36] [main/INFO] [GradleStart]: Extra: []
[18:14:36] [main/INFO] [GradleStart]: Running with arguments: [--userProperties, {}, --username, ForgeDevName, --tweakClass, cpw.mods.fml.common.launcher.FMLTweaker, --accessToken, {REDACTED}, --assetIndex, {ASSET_INDEX}, --assetsDir, /home/thomas/.gradle/caches/minecraft/assets, --version, 1.7.10]
[18:14:36] [main/INFO] [LaunchWrapper]: Loading tweak class name cpw.mods.fml.common.launcher.FMLTweaker
[18:14:36] [main/INFO] [LaunchWrapper]: Using primary tweak class name cpw.mods.fml.common.launcher.FMLTweaker
[18:14:36] [main/INFO] [LaunchWrapper]: Calling tweak class cpw.mods.fml.common.launcher.FMLTweaker
[19:08:58] [main/INFO] [GradleStart]: No arguments specified, assuming client.
[19:08:58] [main/INFO] [GradleStart]: Extra: []
[19:08:58] [main/INFO] [GradleStart]: Running with arguments: [--userProperties, {}, --username, ForgeDevName, --tweakClass, cpw.mods.fml.common.launcher.FMLTweaker, --accessToken, {REDACTED}, --assetIndex, {ASSET_INDEX}, --assetsDir, /home/thomas/.gradle/caches/minecraft/assets, --version, 1.7.10]
[19:08:58] [main/INFO] [LaunchWrapper]: Loading tweak class name cpw.mods.fml.common.launcher.FMLTweaker
[19:08:58] [main/INFO] [LaunchWrapper]: Using primary tweak class name cpw.mods.fml.common.launcher.FMLTweaker
[19:08:58] [main/INFO] [LaunchWrapper]: Calling tweak class cpw.mods.fml.common.launcher.FMLTweaker
[19:50:37] [main/INFO] [GradleStart]: No arguments specified, assuming client.
[19:50:37] [main/INFO] [GradleStart]: Extra: []
[19:50:37] [main/INFO] [GradleStart]: Running with arguments: [--userProperties, {}, --username, ForgeDevName, --tweakClass, cpw.mods.fml.common.launcher.FMLTweaker, --accessToken, {REDACTED}, --assetIndex, {ASSET_INDEX}, --assetsDir, /home/thomas/.gradle/caches/minecraft/assets, --version, 1.7.10]
[19:50:37] [main/INFO] [LaunchWrapper]: Loading tweak class name cpw.mods.fml.common.launcher.FMLTweaker
[19:50:37] [main/INFO] [LaunchWrapper]: Using primary tweak class name cpw.mods.fml.common.launcher.FMLTweaker
[19:50:37] [main/INFO] [LaunchWrapper]: Calling tweak class cpw.mods.fml.common.launcher.FMLTweaker
[20:02:10] [main/INFO] [GradleStart]: No arguments specified, assuming client.
[20:02:10] [main/INFO] [GradleStart]: Extra: []
[20:02:10] [main/INFO] [GradleStart]: Running with arguments: [--userProperties, {}, --username, ForgeDevName, --tweakClass, cpw.mods.fml.common.launcher.FMLTweaker, --accessToken, {REDACTED}, --assetIndex, {ASSET_INDEX}, --assetsDir, /home/thomas/.gradle/caches/minecraft/assets, --version, 1.7.10]
[20:02:10] [main/INFO] [LaunchWrapper]: Loading tweak class name cpw.mods.fml.common.launcher.FMLTweaker
[20:02:10] [main/INFO] [LaunchWrapper]: Using primary tweak class name cpw.mods.fml.common.launcher.FMLTweaker
[20:02:10] [main/INFO] [LaunchWrapper]: Calling tweak class cpw.mods.fml.common.launcher.FMLTweaker
[20:04:47] [main/INFO] [GradleStart]: No arguments specified, assuming client.
[20:04:47] [main/INFO] [GradleStart]: Extra: []
[20:04:47] [main/INFO] [GradleStart]: Running with arguments: [--userProperties, {}, --username, ForgeDevName, --tweakClass, cpw.mods.fml.common.launcher.FMLTweaker, --accessToken, {REDACTED}, --assetIndex, {ASSET_INDEX}, --assetsDir, /home/thomas/.gradle/caches/minecraft/assets, --version, 1.7.10]
[20:04:47] [main/INFO] [LaunchWrapper]: Loading tweak class name cpw.mods.fml.common.launcher.FMLTweaker
[20:04:47] [main/INFO] [LaunchWrapper]: Using primary tweak class name cpw.mods.fml.common.launcher.FMLTweaker
[20:04:47] [main/INFO] [LaunchWrapper]: Calling tweak class cpw.mods.fml.common.launcher.FMLTweaker
[21:43:09] [main/INFO] [GradleStart]: No arguments specified, assuming client.
[21:43:09] [main/INFO] [GradleStart]: Extra: []
[21:43:09] [main/INFO] [GradleStart]: Running with arguments: [--userProperties, {}, --username, ForgeDevName, --tweakClass, cpw.mods.fml.common.launcher.FMLTweaker, --accessToken, {REDACTED}, --assetIndex, {ASSET_INDEX}, --assetsDir, /home/thomas/.gradle/caches/minecraft/assets, --version, 1.7.10]
[21:43:09] [main/INFO] [LaunchWrapper]: Loading tweak class name cpw.mods.fml.common.launcher.FMLTweaker
[21:43:10] [main/INFO] [LaunchWrapper]: Using primary tweak class name cpw.mods.fml.common.launcher.FMLTweaker
[21:43:10] [main/INFO] [LaunchWrapper]: Calling tweak class cpw.mods.fml.common.launcher.FMLTweaker
[21:49:54] [main/INFO] [GradleStart]: No arguments specified, assuming client.
[21:49:54] [main/INFO] [GradleStart]: Extra: []
[21:49:54] [main/INFO] [GradleStart]: Running with arguments: [--userProperties, {}, --username, ForgeDevName, --tweakClass, cpw.mods.fml.common.launcher.FMLTweaker, --accessToken, {REDACTED}, --assetIndex, {ASSET_INDEX}, --assetsDir, /home/thomas/.gradle/caches/minecraft/assets, --version, 1.7.10]
[21:49:54] [main/INFO] [LaunchWrapper]: Loading tweak class name cpw.mods.fml.common.launcher.FMLTweaker
[21:49:54] [main/INFO] [LaunchWrapper]: Using primary tweak class name cpw.mods.fml.common.launcher.FMLTweaker
[21:49:54] [main/INFO] [LaunchWrapper]: Calling tweak class cpw.mods.fml.common.launcher.FMLTweaker
[12:57:42] [main/INFO] [GradleStart]: No arguments specified, assuming client.
[12:57:42] [main/INFO] [GradleStart]: Extra: []
[12:57:42] [main/INFO] [GradleStart]: Running with arguments: [--userProperties, {}, --username, ForgeDevName, --tweakClass, cpw.mods.fml.common.launcher.FMLTweaker, --accessToken, {REDACTED}, --assetIndex, {ASSET_INDEX}, --assetsDir, /home/thomas/.gradle/caches/minecraft/assets, --version, 1.7.10]
[12:57:42] [main/INFO] [LaunchWrapper]: Loading tweak class name cpw.mods.fml.common.launcher.FMLTweaker
[12:57:42] [main/INFO] [LaunchWrapper]: Using primary tweak class name cpw.mods.fml.common.launcher.FMLTweaker
[12:57:42] [main/INFO] [LaunchWrapper]: Calling tweak class cpw.mods.fml.common.launcher.FMLTweaker
[12:59:01] [main/INFO] [GradleStart]: No arguments specified, assuming client.
[12:59:01] [main/INFO] [GradleStart]: Extra: []
[12:59:01] [main/INFO] [GradleStart]: Running with arguments: [--userProperties, {}, --username, ForgeDevName, --tweakClass, cpw.mods.fml.common.launcher.FMLTweaker, --accessToken, {REDACTED}, --assetIndex, {ASSET_INDEX}, --assetsDir, /home/thomas/.gradle/caches/minecraft/assets, --version, 1.7.10]
[12:59:01] [main/INFO] [LaunchWrapper]: Loading tweak class name cpw.mods.fml.common.launcher.FMLTweaker
[12:59:01] [main/INFO] [LaunchWrapper]: Using primary tweak class name cpw.mods.fml.common.launcher.FMLTweaker
[12:59:01] [main/INFO] [LaunchWrapper]: Calling tweak class cpw.mods.fml.common.launcher.FMLTweaker
[13:06:45] [main/INFO] [GradleStart]: No arguments specified, assuming client.
[13:06:45] [main/INFO] [GradleStart]: Extra: []
[13:06:45] [main/INFO] [GradleStart]: Running with arguments: [--userProperties, {}, --username, ForgeDevName, --tweakClass, cpw.mods.fml.common.launcher.FMLTweaker, --accessToken, {REDACTED}, --assetIndex, {ASSET_INDEX}, --assetsDir, /home/thomas/.gradle/caches/minecraft/assets, --version, 1.7.10]
[13:06:45] [main/INFO] [LaunchWrapper]: Loading tweak class name cpw.mods.fml.common.launcher.FMLTweaker
[13:06:45] [main/INFO] [LaunchWrapper]: Using primary tweak class name cpw.mods.fml.common.launcher.FMLTweaker
[13:06:45] [main/INFO] [LaunchWrapper]: Calling tweak class cpw.mods.fml.common.launcher.FMLTweaker
[13:08:03] [main/INFO] [GradleStart]: No arguments specified, assuming client.
[13:08:03] [main/INFO] [GradleStart]: Extra: []
[13:08:03] [main/INFO] [GradleStart]: Running with arguments: [--userProperties, {}, --username, ForgeDevName, --tweakClass, cpw.mods.fml.common.launcher.FMLTweaker, --accessToken, {REDACTED}, --assetIndex, {ASSET_INDEX}, --assetsDir, /home/thomas/.gradle/caches/minecraft/assets, --version, 1.7.10]
[13:08:03] [main/INFO] [LaunchWrapper]: Loading tweak class name cpw.mods.fml.common.launcher.FMLTweaker
[13:08:03] [main/INFO] [LaunchWrapper]: Using primary tweak class name cpw.mods.fml.common.launcher.FMLTweaker
[13:08:03] [main/INFO] [LaunchWrapper]: Calling tweak class cpw.mods.fml.common.launcher.FMLTweaker
[13:19:41] [main/INFO] [GradleStart]: No arguments specified, assuming client.
[13:19:41] [main/INFO] [GradleStart]: Extra: []
[13:19:41] [main/INFO] [GradleStart]: Running with arguments: [--userProperties, {}, --username, ForgeDevName, --tweakClass, cpw.mods.fml.common.launcher.FMLTweaker, --accessToken, {REDACTED}, --assetIndex, {ASSET_INDEX}, --assetsDir, /home/thomas/.gradle/caches/minecraft/assets, --version, 1.7.10]
[13:19:41] [main/INFO] [LaunchWrapper]: Loading tweak class name cpw.mods.fml.common.launcher.FMLTweaker
[13:19:41] [main/INFO] [LaunchWrapper]: Using primary tweak class name cpw.mods.fml.common.launcher.FMLTweaker
[13:19:41] [main/INFO] [LaunchWrapper]: Calling tweak class cpw.mods.fml.common.launcher.FMLTweaker
[13:21:17] [main/INFO] [GradleStart]: No arguments specified, assuming client.
[13:21:17] [main/INFO] [GradleStart]: Extra: []
[13:21:17] [main/INFO] [GradleStart]: Running with arguments: [--userProperties, {}, --username, ForgeDevName, --tweakClass, cpw.mods.fml.common.launcher.FMLTweaker, --accessToken, {REDACTED}, --assetIndex, {ASSET_INDEX}, --assetsDir, /home/thomas/.gradle/caches/minecraft/assets, --version, 1.7.10]
[13:21:17] [main/INFO] [LaunchWrapper]: Loading tweak class name cpw.mods.fml.common.launcher.FMLTweaker
[13:21:17] [main/INFO] [LaunchWrapper]: Using primary tweak class name cpw.mods.fml.common.launcher.FMLTweaker
[13:21:17] [main/INFO] [LaunchWrapper]: Calling tweak class cpw.mods.fml.common.launcher.FMLTweaker
[13:22:23] [main/INFO] [GradleStart]: No arguments specified, assuming client.
[13:22:23] [main/INFO] [GradleStart]: Extra: []
[13:22:23] [main/INFO] [GradleStart]: Running with arguments: [--userProperties, {}, --username, ForgeDevName, --tweakClass, cpw.mods.fml.common.launcher.FMLTweaker, --accessToken, {REDACTED}, --assetIndex, {ASSET_INDEX}, --assetsDir, /home/thomas/.gradle/caches/minecraft/assets, --version, 1.7.10]
[13:22:23] [main/INFO] [LaunchWrapper]: Loading tweak class name cpw.mods.fml.common.launcher.FMLTweaker
[13:22:23] [main/INFO] [LaunchWrapper]: Using primary tweak class name cpw.mods.fml.common.launcher.FMLTweaker
[13:22:23] [main/INFO] [LaunchWrapper]: Calling tweak class cpw.mods.fml.common.launcher.FMLTweaker
[13:30:13] [main/INFO] [GradleStart]: No arguments specified, assuming client.
[13:30:13] [main/INFO] [GradleStart]: Extra: []
[13:30:13] [main/INFO] [GradleStart]: Running with arguments: [--userProperties, {}, --username, ForgeDevName, --tweakClass, cpw.mods.fml.common.launcher.FMLTweaker, --accessToken, {REDACTED}, --assetIndex, {ASSET_INDEX}, --assetsDir, /home/thomas/.gradle/caches/minecraft/assets, --version, 1.7.10]
[13:30:13] [main/INFO] [LaunchWrapper]: Loading tweak class name cpw.mods.fml.common.launcher.FMLTweaker
[13:30:13] [main/INFO] [LaunchWrapper]: Using primary tweak class name cpw.mods.fml.common.launcher.FMLTweaker
[13:30:13] [main/INFO] [LaunchWrapper]: Calling tweak class cpw.mods.fml.common.launcher.FMLTweaker
[13:34:04] [main/INFO] [GradleStart]: No arguments specified, assuming client.
[13:34:04] [main/INFO] [GradleStart]: Extra: []
[13:34:04] [main/INFO] [GradleStart]: Running with arguments: [--userProperties, {}, --username, ForgeDevName, --tweakClass, cpw.mods.fml.common.launcher.FMLTweaker, --accessToken, {REDACTED}, --assetIndex, {ASSET_INDEX}, --assetsDir, /home/thomas/.gradle/caches/minecraft/assets, --version, 1.7.10]
[13:34:04] [main/INFO] [LaunchWrapper]: Loading tweak class name cpw.mods.fml.common.launcher.FMLTweaker
[13:34:04] [main/INFO] [LaunchWrapper]: Using primary tweak class name cpw.mods.fml.common.launcher.FMLTweaker
[13:34:04] [main/INFO] [LaunchWrapper]: Calling tweak class cpw.mods.fml.common.launcher.FMLTweaker
[13:38:30] [main/INFO] [GradleStart]: No arguments specified, assuming client.
[13:38:30] [main/INFO] [GradleStart]: Extra: []
[13:38:30] [main/INFO] [GradleStart]: Running with arguments: [--userProperties, {}, --username, ForgeDevName, --tweakClass, cpw.mods.fml.common.launcher.FMLTweaker, --accessToken, {REDACTED}, --assetIndex, {ASSET_INDEX}, --assetsDir, /home/thomas/.gradle/caches/minecraft/assets, --version, 1.7.10]
[13:38:30] [main/INFO] [LaunchWrapper]: Loading tweak class name cpw.mods.fml.common.launcher.FMLTweaker
[13:38:30] [main/INFO] [LaunchWrapper]: Using primary tweak class name cpw.mods.fml.common.launcher.FMLTweaker
[13:38:30] [main/INFO] [LaunchWrapper]: Calling tweak class cpw.mods.fml.common.launcher.FMLTweaker
[13:46:13] [main/INFO] [GradleStart]: No arguments specified, assuming client.
[13:46:13] [main/INFO] [GradleStart]: Extra: []
[13:46:13] [main/INFO] [GradleStart]: Running with arguments: [--userProperties, {}, --username, ForgeDevName, --tweakClass, cpw.mods.fml.common.launcher.FMLTweaker, --accessToken, {REDACTED}, --assetIndex, {ASSET_INDEX}, --assetsDir, /home/thomas/.gradle/caches/minecraft/assets, --version, 1.7.10]
[13:46:13] [main/INFO] [LaunchWrapper]: Loading tweak class name cpw.mods.fml.common.launcher.FMLTweaker
[13:46:13] [main/INFO] [LaunchWrapper]: Using primary tweak class name cpw.mods.fml.common.launcher.FMLTweaker
[13:46:13] [main/INFO] [LaunchWrapper]: Calling tweak class cpw.mods.fml.common.launcher.FMLTweaker
[13:54:30] [main/INFO] [GradleStart]: No arguments specified, assuming client.
[13:54:30] [main/INFO] [GradleStart]: Extra: []
[13:54:30] [main/INFO] [GradleStart]: Running with arguments: [--userProperties, {}, --username, ForgeDevName, --tweakClass, cpw.mods.fml.common.launcher.FMLTweaker, --accessToken, {REDACTED}, --assetIndex, {ASSET_INDEX}, --assetsDir, /home/thomas/.gradle/caches/minecraft/assets, --version, 1.7.10]
[13:54:31] [main/INFO] [LaunchWrapper]: Loading tweak class name cpw.mods.fml.common.launcher.FMLTweaker
[13:54:31] [main/INFO] [LaunchWrapper]: Using primary tweak class name cpw.mods.fml.common.launcher.FMLTweaker
[13:54:31] [main/INFO] [LaunchWrapper]: Calling tweak class cpw.mods.fml.common.launcher.FMLTweaker
[15:42:03] [main/INFO] [GradleStart]: No arguments specified, assuming client.
[15:42:03] [main/INFO] [GradleStart]: Extra: []
[15:42:03] [main/INFO] [GradleStart]: Running with arguments: [--userProperties, {}, --username, ForgeDevName, --tweakClass, cpw.mods.fml.common.launcher.FMLTweaker, --accessToken, {REDACTED}, --assetIndex, {ASSET_INDEX}, --assetsDir, /home/thomas/.gradle/caches/minecraft/assets, --version, 1.7.10]
[15:42:03] [main/INFO] [LaunchWrapper]: Loading tweak class name cpw.mods.fml.common.launcher.FMLTweaker
[15:42:03] [main/INFO] [LaunchWrapper]: Using primary tweak class name cpw.mods.fml.common.launcher.FMLTweaker
[15:42:03] [main/INFO] [LaunchWrapper]: Calling tweak class cpw.mods.fml.common.launcher.FMLTweaker
[15:47:19] [main/INFO] [GradleStart]: No arguments specified, assuming client.
[15:47:19] [main/INFO] [GradleStart]: Extra: []
[15:47:19] [main/INFO] [GradleStart]: Running with arguments: [--userProperties, {}, --username, ForgeDevName, --tweakClass, cpw.mods.fml.common.launcher.FMLTweaker, --accessToken, {REDACTED}, --assetIndex, {ASSET_INDEX}, --assetsDir, /home/thomas/.gradle/caches/minecraft/assets, --version, 1.7.10]
[15:47:20] [main/INFO] [LaunchWrapper]: Loading tweak class name cpw.mods.fml.common.launcher.FMLTweaker
[15:47:20] [main/INFO] [LaunchWrapper]: Using primary tweak class name cpw.mods.fml.common.launcher.FMLTweaker
[15:47:20] [main/INFO] [LaunchWrapper]: Calling tweak class cpw.mods.fml.common.launcher.FMLTweaker
[15:49:09] [main/INFO] [GradleStart]: No arguments specified, assuming client.
[15:49:09] [main/INFO] [GradleStart]: Extra: []
[15:49:09] [main/INFO] [GradleStart]: Running with arguments: [--userProperties, {}, --username, ForgeDevName, --tweakClass, cpw.mods.fml.common.launcher.FMLTweaker, --accessToken, {REDACTED}, --assetIndex, {ASSET_INDEX}, --assetsDir, /home/thomas/.gradle/caches/minecraft/assets, --version, 1.7.10]
[15:49:09] [main/INFO] [LaunchWrapper]: Loading tweak class name cpw.mods.fml.common.launcher.FMLTweaker
[15:49:09] [main/INFO] [LaunchWrapper]: Using primary tweak class name cpw.mods.fml.common.launcher.FMLTweaker
[15:49:09] [main/INFO] [LaunchWrapper]: Calling tweak class cpw.mods.fml.common.launcher.FMLTweaker
[15:57:47] [main/INFO] [GradleStart]: No arguments specified, assuming client.
[15:57:47] [main/INFO] [GradleStart]: Extra: []
[15:57:47] [main/INFO] [GradleStart]: Running with arguments: [--userProperties, {}, --username, ForgeDevName, --tweakClass, cpw.mods.fml.common.launcher.FMLTweaker, --accessToken, {REDACTED}, --assetIndex, {ASSET_INDEX}, --assetsDir, /home/thomas/.gradle/caches/minecraft/assets, --version, 1.7.10]
[15:57:47] [main/INFO] [LaunchWrapper]: Loading tweak class name cpw.mods.fml.common.launcher.FMLTweaker
[15:57:47] [main/INFO] [LaunchWrapper]: Using primary tweak class name cpw.mods.fml.common.launcher.FMLTweaker
[15:57:47] [main/INFO] [LaunchWrapper]: Calling tweak class cpw.mods.fml.common.launcher.FMLTweaker
[15:58:49] [main/INFO] [GradleStart]: No arguments specified, assuming client.
[15:58:49] [main/INFO] [GradleStart]: Extra: []
[15:58:49] [main/INFO] [GradleStart]: Running with arguments: [--userProperties, {}, --username, ForgeDevName, --tweakClass, cpw.mods.fml.common.launcher.FMLTweaker, --accessToken, {REDACTED}, --assetIndex, {ASSET_INDEX}, --assetsDir, /home/thomas/.gradle/caches/minecraft/assets, --version, 1.7.10]
[15:58:49] [main/INFO] [LaunchWrapper]: Loading tweak class name cpw.mods.fml.common.launcher.FMLTweaker
[15:58:49] [main/INFO] [LaunchWrapper]: Using primary tweak class name cpw.mods.fml.common.launcher.FMLTweaker
[15:58:49] [main/INFO] [LaunchWrapper]: Calling tweak class cpw.mods.fml.common.launcher.FMLTweaker
