[15:58:51] [main/INFO]: Setting user: ForgeDevName
[15:58:53] [Client thread/INFO]: LWJGL Version: 2.9.1
[15:58:53] [Client thread/ERROR]: Couldn't initialize twitch stream
[15:58:59] [Client thread/INFO]: Reloading ResourceManager: Default, FMLFileResourcePack:Forge Mod Loader, FMLFileResourcePack:Minecraft Forge, FMLFileResourcePack:Circuitry
[15:59:00] [Sound Library Loader/INFO]: Sound engine started
[15:59:00] [Client thread/INFO]: Created: 512x256 textures/blocks-atlas
[15:59:00] [Client thread/INFO]: Created: 256x256 textures/items-atlas
[15:59:00] [Client thread/INFO]: Reloading ResourceManager: Default, FMLFileResourcePack:Forge Mod Loader, FMLFileResourcePack:Minecraft Forge, FMLFileResourcePack:Circuitry
[15:59:01] [Client thread/INFO]: Created: 256x256 textures/items-atlas
[15:59:01] [Client thread/INFO]: Created: 512x256 textures/blocks-atlas
[15:59:02] [Sound Library Loader/INFO]: Sound engine started
[15:59:07] [Server thread/INFO]: Starting integrated minecraft server version 1.7.10
[15:59:07] [Server thread/INFO]: Generating keypair
[15:59:07] [Server thread/INFO]: Preparing start region for level 0
[15:59:08] [Server thread/INFO]: Changing view distance to 12, from 10
[15:59:09] [Server thread/INFO]: ForgeDevName[local:E:f6a47fe6] logged in with entity id 398 at (-200.1576537346711, 70.0, 244.85698781302042)
[15:59:09] [Server thread/INFO]: ForgeDevName joined the game
[15:59:35] [Server thread/INFO]: Saving and pausing game...
[15:59:35] [Server thread/INFO]: Saving chunks for level 'Test'/Overworld
[15:59:35] [Server thread/INFO]: Saving chunks for level 'Test'/Nether
[15:59:35] [Server thread/INFO]: Saving chunks for level 'Test'/The End
[15:59:37] [Server thread/INFO]: Saving and pausing game...
[15:59:37] [Server thread/INFO]: Saving chunks for level 'Test'/Overworld
[15:59:37] [Server thread/INFO]: Saving chunks for level 'Test'/Nether
[15:59:37] [Server thread/INFO]: Saving chunks for level 'Test'/The End
[15:59:38] [Server thread/INFO]: Stopping server
[15:59:38] [Server thread/INFO]: Saving players
[15:59:38] [Server thread/INFO]: Saving worlds
[15:59:38] [Server thread/INFO]: Saving chunks for level 'Test'/Overworld
[15:59:38] [Server thread/INFO]: Saving chunks for level 'Test'/Nether
[15:59:38] [Server thread/INFO]: Saving chunks for level 'Test'/The End
[15:59:40] [Client thread/INFO]: Stopping!
